<?xml version='1.0' encoding='UTF-8'?>
<testsuite hostname="DESKTOP-VNCUNEA" name="InitalizationTest" tests="1" errors="0" failures="0" skipped="0" time="7.071" timestamp="2022-03-05T09:58:46">
                     <properties>
      <property name="awt.toolkit" value="sun.awt.windows.WToolkit"/><property name="java.specification.version" value="11"/><property name="sun.cpu.isalist" value="amd64"/><property name="sun.jnu.encoding" value="GBK"/><property name="sbt.log.format" value="true"/><property name="sun.arch.data.model" value="64"/><property name="java.vendor.url" value="http://java.oracle.com/"/><property name="sun.boot.library.path" value="D:\jdk-11\bin"/><property name="sun.java.command" value="xsbt.boot.Boot test"/><property name="jdk.debug" value="release"/><property name="sun.stderr.encoding" value="ms936"/><property name="java.specification.vendor" value="Oracle Corporation"/><property name="java.version.date" value="2018-09-25"/><property name="java.home" value="D:\jdk-11"/><property name="file.separator" value="\"/><property name="java.vm.compressedOopsMode" value="32-bit"/><property name="line.separator" value="
"/><property name="sun.stdout.encoding" value="ms936"/><property name="java.specification.name" value="Java Platform API Specification"/><property name="java.vm.specification.vendor" value="Oracle Corporation"/><property name="user.script" value=""/><property name="sun.management.compiler" value="HotSpot 64-Bit Tiered Compilers"/><property name="java.runtime.version" value="11+28"/><property name="user.name" value="不再拖延的范范"/><property name="log4j.ignoreTCL" value="true"/><property name="file.encoding" value="GBK"/><property name="java.vendor.version" value="18.9"/><property name="java.io.tmpdir" value="C:\Users\不再拖~1\AppData\Local\Temp\"/><property name="java.version" value="11"/><property name="java.vm.specification.name" value="Java Virtual Machine Specification"/><property name="java.awt.printerjob" value="sun.awt.windows.WPrinterJob"/><property name="sun.os.patch.level" value=""/><property name="java.library.path" value="D:\jdk-11\bin;C:\WINDOWS\Sun\Java\bin;C:\WINDOWS\system32;C:\WINDOWS;C:\Program Files\Common Files\Oracle\Java\javapath;D:\jdk-11\bin;&quot;C:\WINDOWS\system32;&quot;;&quot;C:\WINDOWS;&quot;;&quot;C:\Program Files\Microsoft SQL Server\80\Tools\BINN;C:\WINDOWS\system32;C:\WINDOWS;C:\WINDOWS\System32\Wbem;C:\WINDOWS\System32\WindowsPowerShell\v1.0\;C:\WINDOWS\System32\OpenSSH\;D:\Git\cmd;C:\Program Files (x86)\sbt\bin&quot;;D:\jdk-11\jre\bin;C:\Users\不再拖延的范范\AppData\Local\Programs\Python\Python37\Scripts\;C:\Users\不再拖延的范范\AppData\Local\Programs\Python\Python37\;C:\Users\不再拖延的范范\AppData\Local\Microsoft\WindowsApps;D:\jdk-11\bin;;D:\IDEA\IntelliJ IDEA 2021.3\bin;;."/><property name="java.vendor" value="Oracle Corporation"/><property name="sun.io.unicode.encoding" value="UnicodeLittle"/><property name="sun.desktop" value="windows"/><property name="java.class.path" value="D:\ITSD-DT2022-Template\sbt-dist\bin\sbt-launch.jar"/><property name="java.vm.vendor" value="Oracle Corporation"/><property name="user.variant" value=""/><property name="jline.shutdownhook" value="false"/><property name="user.timezone" value="Europe/London"/><property name="os.name" value="Windows 10"/><property name="java.vm.specification.version" value="11"/><property name="sun.java.launcher" value="SUN_STANDARD"/><property name="user.country" value="CN"/><property name="sun.cpu.endian" value="little"/><property name="user.home" value="C:\Users\不再拖延的范范"/><property name="user.language" value="zh"/><property name="swoval.tmpdir" value="C:\Users\不再拖延的范范\.sbt\1.0"/><property name="java.awt.graphicsenv" value="sun.awt.Win32GraphicsEnvironment"/><property name="jline.esc.timeout" value="0"/><property name="path.separator" value=";"/><property name="os.version" value="10.0"/><property name="jna.nosys" value="true"/><property name="java.runtime.name" value="OpenJDK Runtime Environment"/><property name="java.vm.name" value="OpenJDK 64-Bit Server VM"/><property name="java.vendor.url.bug" value="http://bugreport.java.com/bugreport/"/><property name="user.dir" value="D:\ITSD-DT2022-Template"/><property name="os.arch" value="amd64"/><property name="java.vm.info" value="mixed mode"/><property name="java.vm.version" value="11+28"/><property name="java.class.version" value="55.0"/>
    </properties>
                     <testcase classname="InitalizationTest" name="checkInitalized" time="7.071">
                                                 
                                               </testcase>
                     <system-out><![CDATA[]]></system-out>
                     <system-err><![CDATA[]]></system-err>
                   </testsuite>